<?xml version="1.0" encoding="UTF-8"?>
<!-- Generated by org.testng.reporters.JUnitReportReporter -->
<testsuite hostname="LAPTOP-1EQKSLCV" failures="0" tests="4" name="api.test.UserTests" time="6.429" errors="0" timestamp="2024-12-16T13:01:33 IST" skipped="0">
  <testcase classname="api.test.UserTests" name="testPostUser" time="2.075"/>
  <system-out/>
  <testcase classname="api.test.UserTests" name="testGetUserByName" time="1.127"/>
  <system-out/>
  <testcase classname="api.test.UserTests" name="testUpdateUserByName" time="2.124"/>
  <system-out/>
  <testcase classname="api.test.UserTests" name="testDeleteUserByName" time="1.103"/>
  <system-out/>
</testsuite> <!-- api.test.UserTests -->
