<?xml version="1.0" encoding="UTF-8"?>
<!-- Generated by org.testng.reporters.JUnitReportReporter -->
<testsuite hostname="LAPTOP-1EQKSLCV" failures="0" tests="4" name="api.test.UserTests2" time="6.446" errors="0" timestamp="2024-12-16T13:52:39 IST" skipped="0">
  <testcase classname="api.test.UserTests2" name="testPostUser" time="2.007"/>
  <system-out/>
  <testcase classname="api.test.UserTests2" name="testGetUserByName" time="1.133"/>
  <system-out/>
  <testcase classname="api.test.UserTests2" name="testUpdateUserByName" time="2.194"/>
  <system-out/>
  <testcase classname="api.test.UserTests2" name="testDeleteUserByName" time="1.112"/>
  <system-out/>
</testsuite> <!-- api.test.UserTests2 -->
