<?xml version="1.0" encoding="UTF-8"?>
<!-- Generated by org.testng.reporters.JUnitReportReporter -->
<testsuite hostname="LAPTOP-1EQKSLCV" failures="0" tests="4" name="api.test.UserTests2" time="6.439" errors="0" timestamp="2024-12-16T14:59:41 IST" skipped="0">
  <testcase classname="api.test.UserTests2" name="testPostUser" time="2.114"/>
  <system-out/>
  <testcase classname="api.test.UserTests2" name="testGetUserByName" time="1.061"/>
  <system-out/>
  <testcase classname="api.test.UserTests2" name="testUpdateUserByName" time="2.177"/>
  <system-out/>
  <testcase classname="api.test.UserTests2" name="testDeleteUserByName" time="1.087"/>
  <system-out/>
</testsuite> <!-- api.test.UserTests2 -->
